The target system is: Linux -  - 
The host system is: Linux - 3.10.0-693.11.1.el7.x86_64 - x86_64
Compiling the C compiler identification source file "CMakeCCompilerId.c" succeeded.
Compiler: /home/jhzhou/download/linaro55/gcc-linaro-5.5.0-2017.10-x86_64_arm-linux-gnueabi/bin/arm-linux-gnueabi-gcc 
Build flags: 
Id flags: 

The output was:
0


Compilation of the C compiler identification source "CMakeCCompilerId.c" produced "a.out"

The C compiler identification is GNU, found in "/home/jhzhou/working/nbiot_sdk/CMakeFiles/2.8.12.2/CompilerIdC/a.out"

Compiling the CXX compiler identification source file "CMakeCXXCompilerId.cpp" succeeded.
Compiler: /home/jhzhou/download/linaro55/gcc-linaro-5.5.0-2017.10-x86_64_arm-linux-gnueabi/bin/arm-linux-gnueabi-g++ 
Build flags: 
Id flags: 

The output was:
0


Compilation of the CXX compiler identification source "CMakeCXXCompilerId.cpp" produced "a.out"

The CXX compiler identification is GNU, found in "/home/jhzhou/working/nbiot_sdk/CMakeFiles/2.8.12.2/CompilerIdCXX/a.out"

Determining if the C compiler works passed with the following output:
Change Dir: /home/jhzhou/working/nbiot_sdk/CMakeFiles/CMakeTmp

Run Build Command:/usr/bin/gmake "cmTryCompileExec2489933515/fast"
/usr/bin/gmake -f CMakeFiles/cmTryCompileExec2489933515.dir/build.make CMakeFiles/cmTryCompileExec2489933515.dir/build
gmake[1]: 进入目录“/home/jhzhou/working/nbiot_sdk/CMakeFiles/CMakeTmp”
/usr/bin/cmake -E cmake_progress_report /home/jhzhou/working/nbiot_sdk/CMakeFiles/CMakeTmp/CMakeFiles 1
Building C object CMakeFiles/cmTryCompileExec2489933515.dir/testCCompiler.c.o
/home/jhzhou/download/linaro55/gcc-linaro-5.5.0-2017.10-x86_64_arm-linux-gnueabi/bin/arm-linux-gnueabi-gcc    -o CMakeFiles/cmTryCompileExec2489933515.dir/testCCompiler.c.o   -c /home/jhzhou/working/nbiot_sdk/CMakeFiles/CMakeTmp/testCCompiler.c
Linking C executable cmTryCompileExec2489933515
/usr/bin/cmake -E cmake_link_script CMakeFiles/cmTryCompileExec2489933515.dir/link.txt --verbose=1
/home/jhzhou/download/linaro55/gcc-linaro-5.5.0-2017.10-x86_64_arm-linux-gnueabi/bin/arm-linux-gnueabi-gcc       CMakeFiles/cmTryCompileExec2489933515.dir/testCCompiler.c.o  -o cmTryCompileExec2489933515 -rdynamic 
gmake[1]: 离开目录“/home/jhzhou/working/nbiot_sdk/CMakeFiles/CMakeTmp”


Detecting C compiler ABI info compiled with the following output:
Change Dir: /home/jhzhou/working/nbiot_sdk/CMakeFiles/CMakeTmp

Run Build Command:/usr/bin/gmake "cmTryCompileExec960298491/fast"
/usr/bin/gmake -f CMakeFiles/cmTryCompileExec960298491.dir/build.make CMakeFiles/cmTryCompileExec960298491.dir/build
gmake[1]: 进入目录“/home/jhzhou/working/nbiot_sdk/CMakeFiles/CMakeTmp”
/usr/bin/cmake -E cmake_progress_report /home/jhzhou/working/nbiot_sdk/CMakeFiles/CMakeTmp/CMakeFiles 1
Building C object CMakeFiles/cmTryCompileExec960298491.dir/CMakeCCompilerABI.c.o
/home/jhzhou/download/linaro55/gcc-linaro-5.5.0-2017.10-x86_64_arm-linux-gnueabi/bin/arm-linux-gnueabi-gcc    -o CMakeFiles/cmTryCompileExec960298491.dir/CMakeCCompilerABI.c.o   -c /usr/share/cmake/Modules/CMakeCCompilerABI.c
Linking C executable cmTryCompileExec960298491
/usr/bin/cmake -E cmake_link_script CMakeFiles/cmTryCompileExec960298491.dir/link.txt --verbose=1
/home/jhzhou/download/linaro55/gcc-linaro-5.5.0-2017.10-x86_64_arm-linux-gnueabi/bin/arm-linux-gnueabi-gcc     -v CMakeFiles/cmTryCompileExec960298491.dir/CMakeCCompilerABI.c.o  -o cmTryCompileExec960298491 -rdynamic  
Using built-in specs.
COLLECT_GCC=/home/jhzhou/download/linaro55/gcc-linaro-5.5.0-2017.10-x86_64_arm-linux-gnueabi/bin/arm-linux-gnueabi-gcc
COLLECT_LTO_WRAPPER=/home/jhzhou/download/linaro55/gcc-linaro-5.5.0-2017.10-x86_64_arm-linux-gnueabi/bin/../libexec/gcc/arm-linux-gnueabi/5.5.0/lto-wrapper
Target: arm-linux-gnueabi
Configured with: '/home/tcwg-buildslave/workspace/tcwg-make-release/builder_arch/amd64/label/tcwg-x86_64-build/target/arm-linux-gnueabi/snapshots/gcc.git~linaro-5.5-2017.10/configure' SHELL=/bin/bash --with-mpc=/home/tcwg-buildslave/workspace/tcwg-make-release/builder_arch/amd64/label/tcwg-x86_64-build/target/arm-linux-gnueabi/_build/builds/destdir/x86_64-unknown-linux-gnu --with-mpfr=/home/tcwg-buildslave/workspace/tcwg-make-release/builder_arch/amd64/label/tcwg-x86_64-build/target/arm-linux-gnueabi/_build/builds/destdir/x86_64-unknown-linux-gnu --with-gmp=/home/tcwg-buildslave/workspace/tcwg-make-release/builder_arch/amd64/label/tcwg-x86_64-build/target/arm-linux-gnueabi/_build/builds/destdir/x86_64-unknown-linux-gnu --with-gnu-as --with-gnu-ld --disable-libmudflap --enable-lto --enable-shared --without-included-gettext --enable-nls --disable-sjlj-exceptions --enable-gnu-unique-object --enable-linker-build-id --disable-libstdcxx-pch --enable-c99 --enable-clocale=gnu --enable-libstdcxx-debug --enable-long-long --with-cloog=no --with-ppl=no --with-isl=no --disable-multilib --with-float=soft --with-mode=thumb --with-tune=cortex-a9 --with-arch=armv7-a --enable-threads=posix --enable-multiarch --enable-libstdcxx-time=yes --with-build-sysroot=/home/tcwg-buildslave/workspace/tcwg-make-release/builder_arch/amd64/label/tcwg-x86_64-build/target/arm-linux-gnueabi/_build/sysroots/arm-linux-gnueabi --with-sysroot=/home/tcwg-buildslave/workspace/tcwg-make-release/builder_arch/amd64/label/tcwg-x86_64-build/target/arm-linux-gnueabi/_build/builds/destdir/x86_64-unknown-linux-gnu/arm-linux-gnueabi/libc --enable-checking=release --disable-bootstrap --enable-languages=c,c++,fortran,lto --build=x86_64-unknown-linux-gnu --host=x86_64-unknown-linux-gnu --target=arm-linux-gnueabi --prefix=/home/tcwg-buildslave/workspace/tcwg-make-release/builder_arch/amd64/label/tcwg-x86_64-build/target/arm-linux-gnueabi/_build/builds/destdir/x86_64-unknown-linux-gnu
Thread model: posix
gcc version 5.5.0 (Linaro GCC 5.5-2017.10) 
COMPILER_PATH=/home/jhzhou/download/linaro55/gcc-linaro-5.5.0-2017.10-x86_64_arm-linux-gnueabi/bin/../libexec/gcc/arm-linux-gnueabi/5.5.0/:/home/jhzhou/download/linaro55/gcc-linaro-5.5.0-2017.10-x86_64_arm-linux-gnueabi/bin/../libexec/gcc/arm-linux-gnueabi/:/home/jhzhou/download/linaro55/gcc-linaro-5.5.0-2017.10-x86_64_arm-linux-gnueabi/bin/../libexec/gcc/:/home/jhzhou/download/linaro55/gcc-linaro-5.5.0-2017.10-x86_64_arm-linux-gnueabi/bin/../lib/gcc/arm-linux-gnueabi/5.5.0/../../../../arm-linux-gnueabi/bin/
LIBRARY_PATH=/home/jhzhou/download/linaro55/gcc-linaro-5.5.0-2017.10-x86_64_arm-linux-gnueabi/bin/../lib/gcc/arm-linux-gnueabi/5.5.0/:/home/jhzhou/download/linaro55/gcc-linaro-5.5.0-2017.10-x86_64_arm-linux-gnueabi/bin/../lib/gcc/arm-linux-gnueabi/:/home/jhzhou/download/linaro55/gcc-linaro-5.5.0-2017.10-x86_64_arm-linux-gnueabi/bin/../lib/gcc/:/home/jhzhou/download/linaro55/gcc-linaro-5.5.0-2017.10-x86_64_arm-linux-gnueabi/bin/../lib/gcc/arm-linux-gnueabi/5.5.0/../../../../arm-linux-gnueabi/lib/:/home/jhzhou/download/linaro55/gcc-linaro-5.5.0-2017.10-x86_64_arm-linux-gnueabi/bin/../arm-linux-gnueabi/libc/lib/:/home/jhzhou/download/linaro55/gcc-linaro-5.5.0-2017.10-x86_64_arm-linux-gnueabi/bin/../arm-linux-gnueabi/libc/usr/lib/
COLLECT_GCC_OPTIONS='-v' '-o' 'cmTryCompileExec960298491' '-rdynamic' '-march=armv7-a' '-mtune=cortex-a9' '-mfloat-abi=soft' '-mthumb' '-mtls-dialect=gnu'
 /home/jhzhou/download/linaro55/gcc-linaro-5.5.0-2017.10-x86_64_arm-linux-gnueabi/bin/../libexec/gcc/arm-linux-gnueabi/5.5.0/collect2 -plugin /home/jhzhou/download/linaro55/gcc-linaro-5.5.0-2017.10-x86_64_arm-linux-gnueabi/bin/../libexec/gcc/arm-linux-gnueabi/5.5.0/liblto_plugin.so -plugin-opt=/home/jhzhou/download/linaro55/gcc-linaro-5.5.0-2017.10-x86_64_arm-linux-gnueabi/bin/../libexec/gcc/arm-linux-gnueabi/5.5.0/lto-wrapper -plugin-opt=-fresolution=/tmp/cc1vaMXM.res -plugin-opt=-pass-through=-lgcc -plugin-opt=-pass-through=-lgcc_s -plugin-opt=-pass-through=-lc -plugin-opt=-pass-through=-lgcc -plugin-opt=-pass-through=-lgcc_s --sysroot=/home/jhzhou/download/linaro55/gcc-linaro-5.5.0-2017.10-x86_64_arm-linux-gnueabi/bin/../arm-linux-gnueabi/libc --build-id --eh-frame-hdr -export-dynamic -dynamic-linker /lib/ld-linux.so.3 -X -m armelf_linux_eabi -o cmTryCompileExec960298491 /home/jhzhou/download/linaro55/gcc-linaro-5.5.0-2017.10-x86_64_arm-linux-gnueabi/bin/../arm-linux-gnueabi/libc/usr/lib/crt1.o /home/jhzhou/download/linaro55/gcc-linaro-5.5.0-2017.10-x86_64_arm-linux-gnueabi/bin/../arm-linux-gnueabi/libc/usr/lib/crti.o /home/jhzhou/download/linaro55/gcc-linaro-5.5.0-2017.10-x86_64_arm-linux-gnueabi/bin/../lib/gcc/arm-linux-gnueabi/5.5.0/crtbegin.o -L/home/jhzhou/download/linaro55/gcc-linaro-5.5.0-2017.10-x86_64_arm-linux-gnueabi/bin/../lib/gcc/arm-linux-gnueabi/5.5.0 -L/home/jhzhou/download/linaro55/gcc-linaro-5.5.0-2017.10-x86_64_arm-linux-gnueabi/bin/../lib/gcc/arm-linux-gnueabi -L/home/jhzhou/download/linaro55/gcc-linaro-5.5.0-2017.10-x86_64_arm-linux-gnueabi/bin/../lib/gcc -L/home/jhzhou/download/linaro55/gcc-linaro-5.5.0-2017.10-x86_64_arm-linux-gnueabi/bin/../lib/gcc/arm-linux-gnueabi/5.5.0/../../../../arm-linux-gnueabi/lib -L/home/jhzhou/download/linaro55/gcc-linaro-5.5.0-2017.10-x86_64_arm-linux-gnueabi/bin/../arm-linux-gnueabi/libc/lib -L/home/jhzhou/download/linaro55/gcc-linaro-5.5.0-2017.10-x86_64_arm-linux-gnueabi/bin/../arm-linux-gnueabi/libc/usr/lib CMakeFiles/cmTryCompileExec960298491.dir/CMakeCCompilerABI.c.o -lgcc --as-needed -lgcc_s --no-as-needed -lc -lgcc --as-needed -lgcc_s --no-as-needed /home/jhzhou/download/linaro55/gcc-linaro-5.5.0-2017.10-x86_64_arm-linux-gnueabi/bin/../lib/gcc/arm-linux-gnueabi/5.5.0/crtend.o /home/jhzhou/download/linaro55/gcc-linaro-5.5.0-2017.10-x86_64_arm-linux-gnueabi/bin/../arm-linux-gnueabi/libc/usr/lib/crtn.o
gmake[1]: 离开目录“/home/jhzhou/working/nbiot_sdk/CMakeFiles/CMakeTmp”


Parsed C implicit link information from above output:
  link line regex: [^( *|.*[/\])(arm-linux-gnueabi-ld|([^/\]+-)?ld|collect2)[^/\]*( |$)]
  ignore line: [Change Dir: /home/jhzhou/working/nbiot_sdk/CMakeFiles/CMakeTmp]
  ignore line: []
  ignore line: [Run Build Command:/usr/bin/gmake "cmTryCompileExec960298491/fast"]
  ignore line: [/usr/bin/gmake -f CMakeFiles/cmTryCompileExec960298491.dir/build.make CMakeFiles/cmTryCompileExec960298491.dir/build]
  ignore line: [gmake[1]: 进入目录“/home/jhzhou/working/nbiot_sdk/CMakeFiles/CMakeTmp”]
  ignore line: [/usr/bin/cmake -E cmake_progress_report /home/jhzhou/working/nbiot_sdk/CMakeFiles/CMakeTmp/CMakeFiles 1]
  ignore line: [Building C object CMakeFiles/cmTryCompileExec960298491.dir/CMakeCCompilerABI.c.o]
  ignore line: [/home/jhzhou/download/linaro55/gcc-linaro-5.5.0-2017.10-x86_64_arm-linux-gnueabi/bin/arm-linux-gnueabi-gcc    -o CMakeFiles/cmTryCompileExec960298491.dir/CMakeCCompilerABI.c.o   -c /usr/share/cmake/Modules/CMakeCCompilerABI.c]
  ignore line: [Linking C executable cmTryCompileExec960298491]
  ignore line: [/usr/bin/cmake -E cmake_link_script CMakeFiles/cmTryCompileExec960298491.dir/link.txt --verbose=1]
  ignore line: [/home/jhzhou/download/linaro55/gcc-linaro-5.5.0-2017.10-x86_64_arm-linux-gnueabi/bin/arm-linux-gnueabi-gcc     -v CMakeFiles/cmTryCompileExec960298491.dir/CMakeCCompilerABI.c.o  -o cmTryCompileExec960298491 -rdynamic  ]
  ignore line: [Using built-in specs.]
  ignore line: [COLLECT_GCC=/home/jhzhou/download/linaro55/gcc-linaro-5.5.0-2017.10-x86_64_arm-linux-gnueabi/bin/arm-linux-gnueabi-gcc]
  ignore line: [COLLECT_LTO_WRAPPER=/home/jhzhou/download/linaro55/gcc-linaro-5.5.0-2017.10-x86_64_arm-linux-gnueabi/bin/../libexec/gcc/arm-linux-gnueabi/5.5.0/lto-wrapper]
  ignore line: [Target: arm-linux-gnueabi]
  ignore line: [Configured with: '/home/tcwg-buildslave/workspace/tcwg-make-release/builder_arch/amd64/label/tcwg-x86_64-build/target/arm-linux-gnueabi/snapshots/gcc.git~linaro-5.5-2017.10/configure' SHELL=/bin/bash --with-mpc=/home/tcwg-buildslave/workspace/tcwg-make-release/builder_arch/amd64/label/tcwg-x86_64-build/target/arm-linux-gnueabi/_build/builds/destdir/x86_64-unknown-linux-gnu --with-mpfr=/home/tcwg-buildslave/workspace/tcwg-make-release/builder_arch/amd64/label/tcwg-x86_64-build/target/arm-linux-gnueabi/_build/builds/destdir/x86_64-unknown-linux-gnu --with-gmp=/home/tcwg-buildslave/workspace/tcwg-make-release/builder_arch/amd64/label/tcwg-x86_64-build/target/arm-linux-gnueabi/_build/builds/destdir/x86_64-unknown-linux-gnu --with-gnu-as --with-gnu-ld --disable-libmudflap --enable-lto --enable-shared --without-included-gettext --enable-nls --disable-sjlj-exceptions --enable-gnu-unique-object --enable-linker-build-id --disable-libstdcxx-pch --enable-c99 --enable-clocale=gnu --enable-libstdcxx-debug --enable-long-long --with-cloog=no --with-ppl=no --with-isl=no --disable-multilib --with-float=soft --with-mode=thumb --with-tune=cortex-a9 --with-arch=armv7-a --enable-threads=posix --enable-multiarch --enable-libstdcxx-time=yes --with-build-sysroot=/home/tcwg-buildslave/workspace/tcwg-make-release/builder_arch/amd64/label/tcwg-x86_64-build/target/arm-linux-gnueabi/_build/sysroots/arm-linux-gnueabi --with-sysroot=/home/tcwg-buildslave/workspace/tcwg-make-release/builder_arch/amd64/label/tcwg-x86_64-build/target/arm-linux-gnueabi/_build/builds/destdir/x86_64-unknown-linux-gnu/arm-linux-gnueabi/libc --enable-checking=release --disable-bootstrap --enable-languages=c,c++,fortran,lto --build=x86_64-unknown-linux-gnu --host=x86_64-unknown-linux-gnu --target=arm-linux-gnueabi --prefix=/home/tcwg-buildslave/workspace/tcwg-make-release/builder_arch/amd64/label/tcwg-x86_64-build/target/arm-linux-gnueabi/_build/builds/destdir/x86_64-unknown-linux-gnu]
  ignore line: [Thread model: posix]
  ignore line: [gcc version 5.5.0 (Linaro GCC 5.5-2017.10) ]
  ignore line: [COMPILER_PATH=/home/jhzhou/download/linaro55/gcc-linaro-5.5.0-2017.10-x86_64_arm-linux-gnueabi/bin/../libexec/gcc/arm-linux-gnueabi/5.5.0/:/home/jhzhou/download/linaro55/gcc-linaro-5.5.0-2017.10-x86_64_arm-linux-gnueabi/bin/../libexec/gcc/arm-linux-gnueabi/:/home/jhzhou/download/linaro55/gcc-linaro-5.5.0-2017.10-x86_64_arm-linux-gnueabi/bin/../libexec/gcc/:/home/jhzhou/download/linaro55/gcc-linaro-5.5.0-2017.10-x86_64_arm-linux-gnueabi/bin/../lib/gcc/arm-linux-gnueabi/5.5.0/../../../../arm-linux-gnueabi/bin/]
  ignore line: [LIBRARY_PATH=/home/jhzhou/download/linaro55/gcc-linaro-5.5.0-2017.10-x86_64_arm-linux-gnueabi/bin/../lib/gcc/arm-linux-gnueabi/5.5.0/:/home/jhzhou/download/linaro55/gcc-linaro-5.5.0-2017.10-x86_64_arm-linux-gnueabi/bin/../lib/gcc/arm-linux-gnueabi/:/home/jhzhou/download/linaro55/gcc-linaro-5.5.0-2017.10-x86_64_arm-linux-gnueabi/bin/../lib/gcc/:/home/jhzhou/download/linaro55/gcc-linaro-5.5.0-2017.10-x86_64_arm-linux-gnueabi/bin/../lib/gcc/arm-linux-gnueabi/5.5.0/../../../../arm-linux-gnueabi/lib/:/home/jhzhou/download/linaro55/gcc-linaro-5.5.0-2017.10-x86_64_arm-linux-gnueabi/bin/../arm-linux-gnueabi/libc/lib/:/home/jhzhou/download/linaro55/gcc-linaro-5.5.0-2017.10-x86_64_arm-linux-gnueabi/bin/../arm-linux-gnueabi/libc/usr/lib/]
  ignore line: [COLLECT_GCC_OPTIONS='-v' '-o' 'cmTryCompileExec960298491' '-rdynamic' '-march=armv7-a' '-mtune=cortex-a9' '-mfloat-abi=soft' '-mthumb' '-mtls-dialect=gnu']
  link line: [ /home/jhzhou/download/linaro55/gcc-linaro-5.5.0-2017.10-x86_64_arm-linux-gnueabi/bin/../libexec/gcc/arm-linux-gnueabi/5.5.0/collect2 -plugin /home/jhzhou/download/linaro55/gcc-linaro-5.5.0-2017.10-x86_64_arm-linux-gnueabi/bin/../libexec/gcc/arm-linux-gnueabi/5.5.0/liblto_plugin.so -plugin-opt=/home/jhzhou/download/linaro55/gcc-linaro-5.5.0-2017.10-x86_64_arm-linux-gnueabi/bin/../libexec/gcc/arm-linux-gnueabi/5.5.0/lto-wrapper -plugin-opt=-fresolution=/tmp/cc1vaMXM.res -plugin-opt=-pass-through=-lgcc -plugin-opt=-pass-through=-lgcc_s -plugin-opt=-pass-through=-lc -plugin-opt=-pass-through=-lgcc -plugin-opt=-pass-through=-lgcc_s --sysroot=/home/jhzhou/download/linaro55/gcc-linaro-5.5.0-2017.10-x86_64_arm-linux-gnueabi/bin/../arm-linux-gnueabi/libc --build-id --eh-frame-hdr -export-dynamic -dynamic-linker /lib/ld-linux.so.3 -X -m armelf_linux_eabi -o cmTryCompileExec960298491 /home/jhzhou/download/linaro55/gcc-linaro-5.5.0-2017.10-x86_64_arm-linux-gnueabi/bin/../arm-linux-gnueabi/libc/usr/lib/crt1.o /home/jhzhou/download/linaro55/gcc-linaro-5.5.0-2017.10-x86_64_arm-linux-gnueabi/bin/../arm-linux-gnueabi/libc/usr/lib/crti.o /home/jhzhou/download/linaro55/gcc-linaro-5.5.0-2017.10-x86_64_arm-linux-gnueabi/bin/../lib/gcc/arm-linux-gnueabi/5.5.0/crtbegin.o -L/home/jhzhou/download/linaro55/gcc-linaro-5.5.0-2017.10-x86_64_arm-linux-gnueabi/bin/../lib/gcc/arm-linux-gnueabi/5.5.0 -L/home/jhzhou/download/linaro55/gcc-linaro-5.5.0-2017.10-x86_64_arm-linux-gnueabi/bin/../lib/gcc/arm-linux-gnueabi -L/home/jhzhou/download/linaro55/gcc-linaro-5.5.0-2017.10-x86_64_arm-linux-gnueabi/bin/../lib/gcc -L/home/jhzhou/download/linaro55/gcc-linaro-5.5.0-2017.10-x86_64_arm-linux-gnueabi/bin/../lib/gcc/arm-linux-gnueabi/5.5.0/../../../../arm-linux-gnueabi/lib -L/home/jhzhou/download/linaro55/gcc-linaro-5.5.0-2017.10-x86_64_arm-linux-gnueabi/bin/../arm-linux-gnueabi/libc/lib -L/home/jhzhou/download/linaro55/gcc-linaro-5.5.0-2017.10-x86_64_arm-linux-gnueabi/bin/../arm-linux-gnueabi/libc/usr/lib CMakeFiles/cmTryCompileExec960298491.dir/CMakeCCompilerABI.c.o -lgcc --as-needed -lgcc_s --no-as-needed -lc -lgcc --as-needed -lgcc_s --no-as-needed /home/jhzhou/download/linaro55/gcc-linaro-5.5.0-2017.10-x86_64_arm-linux-gnueabi/bin/../lib/gcc/arm-linux-gnueabi/5.5.0/crtend.o /home/jhzhou/download/linaro55/gcc-linaro-5.5.0-2017.10-x86_64_arm-linux-gnueabi/bin/../arm-linux-gnueabi/libc/usr/lib/crtn.o]
    arg [/home/jhzhou/download/linaro55/gcc-linaro-5.5.0-2017.10-x86_64_arm-linux-gnueabi/bin/../libexec/gcc/arm-linux-gnueabi/5.5.0/collect2] ==> ignore
    arg [-plugin] ==> ignore
    arg [/home/jhzhou/download/linaro55/gcc-linaro-5.5.0-2017.10-x86_64_arm-linux-gnueabi/bin/../libexec/gcc/arm-linux-gnueabi/5.5.0/liblto_plugin.so] ==> ignore
    arg [-plugin-opt=/home/jhzhou/download/linaro55/gcc-linaro-5.5.0-2017.10-x86_64_arm-linux-gnueabi/bin/../libexec/gcc/arm-linux-gnueabi/5.5.0/lto-wrapper] ==> ignore
    arg [-plugin-opt=-fresolution=/tmp/cc1vaMXM.res] ==> ignore
    arg [-plugin-opt=-pass-through=-lgcc] ==> ignore
    arg [-plugin-opt=-pass-through=-lgcc_s] ==> ignore
    arg [-plugin-opt=-pass-through=-lc] ==> ignore
    arg [-plugin-opt=-pass-through=-lgcc] ==> ignore
    arg [-plugin-opt=-pass-through=-lgcc_s] ==> ignore
    arg [--sysroot=/home/jhzhou/download/linaro55/gcc-linaro-5.5.0-2017.10-x86_64_arm-linux-gnueabi/bin/../arm-linux-gnueabi/libc] ==> ignore
    arg [--build-id] ==> ignore
    arg [--eh-frame-hdr] ==> ignore
    arg [-export-dynamic] ==> ignore
    arg [-dynamic-linker] ==> ignore
    arg [/lib/ld-linux.so.3] ==> ignore
    arg [-X] ==> ignore
    arg [-m] ==> ignore
    arg [armelf_linux_eabi] ==> ignore
    arg [-o] ==> ignore
    arg [cmTryCompileExec960298491] ==> ignore
    arg [/home/jhzhou/download/linaro55/gcc-linaro-5.5.0-2017.10-x86_64_arm-linux-gnueabi/bin/../arm-linux-gnueabi/libc/usr/lib/crt1.o] ==> ignore
    arg [/home/jhzhou/download/linaro55/gcc-linaro-5.5.0-2017.10-x86_64_arm-linux-gnueabi/bin/../arm-linux-gnueabi/libc/usr/lib/crti.o] ==> ignore
    arg [/home/jhzhou/download/linaro55/gcc-linaro-5.5.0-2017.10-x86_64_arm-linux-gnueabi/bin/../lib/gcc/arm-linux-gnueabi/5.5.0/crtbegin.o] ==> ignore
    arg [-L/home/jhzhou/download/linaro55/gcc-linaro-5.5.0-2017.10-x86_64_arm-linux-gnueabi/bin/../lib/gcc/arm-linux-gnueabi/5.5.0] ==> dir [/home/jhzhou/download/linaro55/gcc-linaro-5.5.0-2017.10-x86_64_arm-linux-gnueabi/bin/../lib/gcc/arm-linux-gnueabi/5.5.0]
    arg [-L/home/jhzhou/download/linaro55/gcc-linaro-5.5.0-2017.10-x86_64_arm-linux-gnueabi/bin/../lib/gcc/arm-linux-gnueabi] ==> dir [/home/jhzhou/download/linaro55/gcc-linaro-5.5.0-2017.10-x86_64_arm-linux-gnueabi/bin/../lib/gcc/arm-linux-gnueabi]
    arg [-L/home/jhzhou/download/linaro55/gcc-linaro-5.5.0-2017.10-x86_64_arm-linux-gnueabi/bin/../lib/gcc] ==> dir [/home/jhzhou/download/linaro55/gcc-linaro-5.5.0-2017.10-x86_64_arm-linux-gnueabi/bin/../lib/gcc]
    arg [-L/home/jhzhou/download/linaro55/gcc-linaro-5.5.0-2017.10-x86_64_arm-linux-gnueabi/bin/../lib/gcc/arm-linux-gnueabi/5.5.0/../../../../arm-linux-gnueabi/lib] ==> dir [/home/jhzhou/download/linaro55/gcc-linaro-5.5.0-2017.10-x86_64_arm-linux-gnueabi/bin/../lib/gcc/arm-linux-gnueabi/5.5.0/../../../../arm-linux-gnueabi/lib]
    arg [-L/home/jhzhou/download/linaro55/gcc-linaro-5.5.0-2017.10-x86_64_arm-linux-gnueabi/bin/../arm-linux-gnueabi/libc/lib] ==> dir [/home/jhzhou/download/linaro55/gcc-linaro-5.5.0-2017.10-x86_64_arm-linux-gnueabi/bin/../arm-linux-gnueabi/libc/lib]
    arg [-L/home/jhzhou/download/linaro55/gcc-linaro-5.5.0-2017.10-x86_64_arm-linux-gnueabi/bin/../arm-linux-gnueabi/libc/usr/lib] ==> dir [/home/jhzhou/download/linaro55/gcc-linaro-5.5.0-2017.10-x86_64_arm-linux-gnueabi/bin/../arm-linux-gnueabi/libc/usr/lib]
    arg [CMakeFiles/cmTryCompileExec960298491.dir/CMakeCCompilerABI.c.o] ==> ignore
    arg [-lgcc] ==> lib [gcc]
    arg [--as-needed] ==> ignore
    arg [-lgcc_s] ==> lib [gcc_s]
    arg [--no-as-needed] ==> ignore
    arg [-lc] ==> lib [c]
    arg [-lgcc] ==> lib [gcc]
    arg [--as-needed] ==> ignore
    arg [-lgcc_s] ==> lib [gcc_s]
    arg [--no-as-needed] ==> ignore
    arg [/home/jhzhou/download/linaro55/gcc-linaro-5.5.0-2017.10-x86_64_arm-linux-gnueabi/bin/../lib/gcc/arm-linux-gnueabi/5.5.0/crtend.o] ==> ignore
    arg [/home/jhzhou/download/linaro55/gcc-linaro-5.5.0-2017.10-x86_64_arm-linux-gnueabi/bin/../arm-linux-gnueabi/libc/usr/lib/crtn.o] ==> ignore
  remove lib [gcc]
  remove lib [gcc_s]
  remove lib [gcc]
  remove lib [gcc_s]
  collapse library dir [/home/jhzhou/download/linaro55/gcc-linaro-5.5.0-2017.10-x86_64_arm-linux-gnueabi/bin/../lib/gcc/arm-linux-gnueabi/5.5.0] ==> [/home/jhzhou/download/linaro55/gcc-linaro-5.5.0-2017.10-x86_64_arm-linux-gnueabi/lib/gcc/arm-linux-gnueabi/5.5.0]
  collapse library dir [/home/jhzhou/download/linaro55/gcc-linaro-5.5.0-2017.10-x86_64_arm-linux-gnueabi/bin/../lib/gcc/arm-linux-gnueabi] ==> [/home/jhzhou/download/linaro55/gcc-linaro-5.5.0-2017.10-x86_64_arm-linux-gnueabi/lib/gcc/arm-linux-gnueabi]
  collapse library dir [/home/jhzhou/download/linaro55/gcc-linaro-5.5.0-2017.10-x86_64_arm-linux-gnueabi/bin/../lib/gcc] ==> [/home/jhzhou/download/linaro55/gcc-linaro-5.5.0-2017.10-x86_64_arm-linux-gnueabi/lib/gcc]
  collapse library dir [/home/jhzhou/download/linaro55/gcc-linaro-5.5.0-2017.10-x86_64_arm-linux-gnueabi/bin/../lib/gcc/arm-linux-gnueabi/5.5.0/../../../../arm-linux-gnueabi/lib] ==> [/home/jhzhou/download/linaro55/gcc-linaro-5.5.0-2017.10-x86_64_arm-linux-gnueabi/arm-linux-gnueabi/lib]
  collapse library dir [/home/jhzhou/download/linaro55/gcc-linaro-5.5.0-2017.10-x86_64_arm-linux-gnueabi/bin/../arm-linux-gnueabi/libc/lib] ==> [/home/jhzhou/download/linaro55/gcc-linaro-5.5.0-2017.10-x86_64_arm-linux-gnueabi/arm-linux-gnueabi/libc/lib]
  collapse library dir [/home/jhzhou/download/linaro55/gcc-linaro-5.5.0-2017.10-x86_64_arm-linux-gnueabi/bin/../arm-linux-gnueabi/libc/usr/lib] ==> [/home/jhzhou/download/linaro55/gcc-linaro-5.5.0-2017.10-x86_64_arm-linux-gnueabi/arm-linux-gnueabi/libc/usr/lib]
  implicit libs: [c]
  implicit dirs: [/home/jhzhou/download/linaro55/gcc-linaro-5.5.0-2017.10-x86_64_arm-linux-gnueabi/lib/gcc/arm-linux-gnueabi/5.5.0;/home/jhzhou/download/linaro55/gcc-linaro-5.5.0-2017.10-x86_64_arm-linux-gnueabi/lib/gcc/arm-linux-gnueabi;/home/jhzhou/download/linaro55/gcc-linaro-5.5.0-2017.10-x86_64_arm-linux-gnueabi/lib/gcc;/home/jhzhou/download/linaro55/gcc-linaro-5.5.0-2017.10-x86_64_arm-linux-gnueabi/arm-linux-gnueabi/lib;/home/jhzhou/download/linaro55/gcc-linaro-5.5.0-2017.10-x86_64_arm-linux-gnueabi/arm-linux-gnueabi/libc/lib;/home/jhzhou/download/linaro55/gcc-linaro-5.5.0-2017.10-x86_64_arm-linux-gnueabi/arm-linux-gnueabi/libc/usr/lib]
  implicit fwks: []


Determining if the CXX compiler works passed with the following output:
Change Dir: /home/jhzhou/working/nbiot_sdk/CMakeFiles/CMakeTmp

Run Build Command:/usr/bin/gmake "cmTryCompileExec676851720/fast"
/usr/bin/gmake -f CMakeFiles/cmTryCompileExec676851720.dir/build.make CMakeFiles/cmTryCompileExec676851720.dir/build
gmake[1]: 进入目录“/home/jhzhou/working/nbiot_sdk/CMakeFiles/CMakeTmp”
/usr/bin/cmake -E cmake_progress_report /home/jhzhou/working/nbiot_sdk/CMakeFiles/CMakeTmp/CMakeFiles 1
Building CXX object CMakeFiles/cmTryCompileExec676851720.dir/testCXXCompiler.cxx.o
/home/jhzhou/download/linaro55/gcc-linaro-5.5.0-2017.10-x86_64_arm-linux-gnueabi/bin/arm-linux-gnueabi-g++     -o CMakeFiles/cmTryCompileExec676851720.dir/testCXXCompiler.cxx.o -c /home/jhzhou/working/nbiot_sdk/CMakeFiles/CMakeTmp/testCXXCompiler.cxx
Linking CXX executable cmTryCompileExec676851720
/usr/bin/cmake -E cmake_link_script CMakeFiles/cmTryCompileExec676851720.dir/link.txt --verbose=1
/home/jhzhou/download/linaro55/gcc-linaro-5.5.0-2017.10-x86_64_arm-linux-gnueabi/bin/arm-linux-gnueabi-g++        CMakeFiles/cmTryCompileExec676851720.dir/testCXXCompiler.cxx.o  -o cmTryCompileExec676851720 -rdynamic 
gmake[1]: 离开目录“/home/jhzhou/working/nbiot_sdk/CMakeFiles/CMakeTmp”


Detecting CXX compiler ABI info compiled with the following output:
Change Dir: /home/jhzhou/working/nbiot_sdk/CMakeFiles/CMakeTmp

Run Build Command:/usr/bin/gmake "cmTryCompileExec1983079452/fast"
/usr/bin/gmake -f CMakeFiles/cmTryCompileExec1983079452.dir/build.make CMakeFiles/cmTryCompileExec1983079452.dir/build
gmake[1]: 进入目录“/home/jhzhou/working/nbiot_sdk/CMakeFiles/CMakeTmp”
/usr/bin/cmake -E cmake_progress_report /home/jhzhou/working/nbiot_sdk/CMakeFiles/CMakeTmp/CMakeFiles 1
Building CXX object CMakeFiles/cmTryCompileExec1983079452.dir/CMakeCXXCompilerABI.cpp.o
/home/jhzhou/download/linaro55/gcc-linaro-5.5.0-2017.10-x86_64_arm-linux-gnueabi/bin/arm-linux-gnueabi-g++     -o CMakeFiles/cmTryCompileExec1983079452.dir/CMakeCXXCompilerABI.cpp.o -c /usr/share/cmake/Modules/CMakeCXXCompilerABI.cpp
Linking CXX executable cmTryCompileExec1983079452
/usr/bin/cmake -E cmake_link_script CMakeFiles/cmTryCompileExec1983079452.dir/link.txt --verbose=1
/home/jhzhou/download/linaro55/gcc-linaro-5.5.0-2017.10-x86_64_arm-linux-gnueabi/bin/arm-linux-gnueabi-g++      -v CMakeFiles/cmTryCompileExec1983079452.dir/CMakeCXXCompilerABI.cpp.o  -o cmTryCompileExec1983079452 -rdynamic  
Using built-in specs.
COLLECT_GCC=/home/jhzhou/download/linaro55/gcc-linaro-5.5.0-2017.10-x86_64_arm-linux-gnueabi/bin/arm-linux-gnueabi-g++
COLLECT_LTO_WRAPPER=/home/jhzhou/download/linaro55/gcc-linaro-5.5.0-2017.10-x86_64_arm-linux-gnueabi/bin/../libexec/gcc/arm-linux-gnueabi/5.5.0/lto-wrapper
Target: arm-linux-gnueabi
Configured with: '/home/tcwg-buildslave/workspace/tcwg-make-release/builder_arch/amd64/label/tcwg-x86_64-build/target/arm-linux-gnueabi/snapshots/gcc.git~linaro-5.5-2017.10/configure' SHELL=/bin/bash --with-mpc=/home/tcwg-buildslave/workspace/tcwg-make-release/builder_arch/amd64/label/tcwg-x86_64-build/target/arm-linux-gnueabi/_build/builds/destdir/x86_64-unknown-linux-gnu --with-mpfr=/home/tcwg-buildslave/workspace/tcwg-make-release/builder_arch/amd64/label/tcwg-x86_64-build/target/arm-linux-gnueabi/_build/builds/destdir/x86_64-unknown-linux-gnu --with-gmp=/home/tcwg-buildslave/workspace/tcwg-make-release/builder_arch/amd64/label/tcwg-x86_64-build/target/arm-linux-gnueabi/_build/builds/destdir/x86_64-unknown-linux-gnu --with-gnu-as --with-gnu-ld --disable-libmudflap --enable-lto --enable-shared --without-included-gettext --enable-nls --disable-sjlj-exceptions --enable-gnu-unique-object --enable-linker-build-id --disable-libstdcxx-pch --enable-c99 --enable-clocale=gnu --enable-libstdcxx-debug --enable-long-long --with-cloog=no --with-ppl=no --with-isl=no --disable-multilib --with-float=soft --with-mode=thumb --with-tune=cortex-a9 --with-arch=armv7-a --enable-threads=posix --enable-multiarch --enable-libstdcxx-time=yes --with-build-sysroot=/home/tcwg-buildslave/workspace/tcwg-make-release/builder_arch/amd64/label/tcwg-x86_64-build/target/arm-linux-gnueabi/_build/sysroots/arm-linux-gnueabi --with-sysroot=/home/tcwg-buildslave/workspace/tcwg-make-release/builder_arch/amd64/label/tcwg-x86_64-build/target/arm-linux-gnueabi/_build/builds/destdir/x86_64-unknown-linux-gnu/arm-linux-gnueabi/libc --enable-checking=release --disable-bootstrap --enable-languages=c,c++,fortran,lto --build=x86_64-unknown-linux-gnu --host=x86_64-unknown-linux-gnu --target=arm-linux-gnueabi --prefix=/home/tcwg-buildslave/workspace/tcwg-make-release/builder_arch/amd64/label/tcwg-x86_64-build/target/arm-linux-gnueabi/_build/builds/destdir/x86_64-unknown-linux-gnu
Thread model: posix
gcc version 5.5.0 (Linaro GCC 5.5-2017.10) 
COMPILER_PATH=/home/jhzhou/download/linaro55/gcc-linaro-5.5.0-2017.10-x86_64_arm-linux-gnueabi/bin/../libexec/gcc/arm-linux-gnueabi/5.5.0/:/home/jhzhou/download/linaro55/gcc-linaro-5.5.0-2017.10-x86_64_arm-linux-gnueabi/bin/../libexec/gcc/arm-linux-gnueabi/:/home/jhzhou/download/linaro55/gcc-linaro-5.5.0-2017.10-x86_64_arm-linux-gnueabi/bin/../libexec/gcc/:/home/jhzhou/download/linaro55/gcc-linaro-5.5.0-2017.10-x86_64_arm-linux-gnueabi/bin/../lib/gcc/arm-linux-gnueabi/5.5.0/../../../../arm-linux-gnueabi/bin/
LIBRARY_PATH=/home/jhzhou/download/linaro55/gcc-linaro-5.5.0-2017.10-x86_64_arm-linux-gnueabi/bin/../lib/gcc/arm-linux-gnueabi/5.5.0/:/home/jhzhou/download/linaro55/gcc-linaro-5.5.0-2017.10-x86_64_arm-linux-gnueabi/bin/../lib/gcc/arm-linux-gnueabi/:/home/jhzhou/download/linaro55/gcc-linaro-5.5.0-2017.10-x86_64_arm-linux-gnueabi/bin/../lib/gcc/:/home/jhzhou/download/linaro55/gcc-linaro-5.5.0-2017.10-x86_64_arm-linux-gnueabi/bin/../lib/gcc/arm-linux-gnueabi/5.5.0/../../../../arm-linux-gnueabi/lib/:/home/jhzhou/download/linaro55/gcc-linaro-5.5.0-2017.10-x86_64_arm-linux-gnueabi/bin/../arm-linux-gnueabi/libc/lib/:/home/jhzhou/download/linaro55/gcc-linaro-5.5.0-2017.10-x86_64_arm-linux-gnueabi/bin/../arm-linux-gnueabi/libc/usr/lib/
COLLECT_GCC_OPTIONS='-v' '-o' 'cmTryCompileExec1983079452' '-rdynamic' '-shared-libgcc' '-march=armv7-a' '-mtune=cortex-a9' '-mfloat-abi=soft' '-mthumb' '-mtls-dialect=gnu'
 /home/jhzhou/download/linaro55/gcc-linaro-5.5.0-2017.10-x86_64_arm-linux-gnueabi/bin/../libexec/gcc/arm-linux-gnueabi/5.5.0/collect2 -plugin /home/jhzhou/download/linaro55/gcc-linaro-5.5.0-2017.10-x86_64_arm-linux-gnueabi/bin/../libexec/gcc/arm-linux-gnueabi/5.5.0/liblto_plugin.so -plugin-opt=/home/jhzhou/download/linaro55/gcc-linaro-5.5.0-2017.10-x86_64_arm-linux-gnueabi/bin/../libexec/gcc/arm-linux-gnueabi/5.5.0/lto-wrapper -plugin-opt=-fresolution=/tmp/cc9orlO1.res -plugin-opt=-pass-through=-lgcc_s -plugin-opt=-pass-through=-lgcc -plugin-opt=-pass-through=-lc -plugin-opt=-pass-through=-lgcc_s -plugin-opt=-pass-through=-lgcc --sysroot=/home/jhzhou/download/linaro55/gcc-linaro-5.5.0-2017.10-x86_64_arm-linux-gnueabi/bin/../arm-linux-gnueabi/libc --build-id --eh-frame-hdr -export-dynamic -dynamic-linker /lib/ld-linux.so.3 -X -m armelf_linux_eabi -o cmTryCompileExec1983079452 /home/jhzhou/download/linaro55/gcc-linaro-5.5.0-2017.10-x86_64_arm-linux-gnueabi/bin/../arm-linux-gnueabi/libc/usr/lib/crt1.o /home/jhzhou/download/linaro55/gcc-linaro-5.5.0-2017.10-x86_64_arm-linux-gnueabi/bin/../arm-linux-gnueabi/libc/usr/lib/crti.o /home/jhzhou/download/linaro55/gcc-linaro-5.5.0-2017.10-x86_64_arm-linux-gnueabi/bin/../lib/gcc/arm-linux-gnueabi/5.5.0/crtbegin.o -L/home/jhzhou/download/linaro55/gcc-linaro-5.5.0-2017.10-x86_64_arm-linux-gnueabi/bin/../lib/gcc/arm-linux-gnueabi/5.5.0 -L/home/jhzhou/download/linaro55/gcc-linaro-5.5.0-2017.10-x86_64_arm-linux-gnueabi/bin/../lib/gcc/arm-linux-gnueabi -L/home/jhzhou/download/linaro55/gcc-linaro-5.5.0-2017.10-x86_64_arm-linux-gnueabi/bin/../lib/gcc -L/home/jhzhou/download/linaro55/gcc-linaro-5.5.0-2017.10-x86_64_arm-linux-gnueabi/bin/../lib/gcc/arm-linux-gnueabi/5.5.0/../../../../arm-linux-gnueabi/lib -L/home/jhzhou/download/linaro55/gcc-linaro-5.5.0-2017.10-x86_64_arm-linux-gnueabi/bin/../arm-linux-gnueabi/libc/lib -L/home/jhzhou/download/linaro55/gcc-linaro-5.5.0-2017.10-x86_64_arm-linux-gnueabi/bin/../arm-linux-gnueabi/libc/usr/lib CMakeFiles/cmTryCompileExec1983079452.dir/CMakeCXXCompilerABI.cpp.o -lstdc++ -lm -lgcc_s -lgcc -lc -lgcc_s -lgcc /home/jhzhou/download/linaro55/gcc-linaro-5.5.0-2017.10-x86_64_arm-linux-gnueabi/bin/../lib/gcc/arm-linux-gnueabi/5.5.0/crtend.o /home/jhzhou/download/linaro55/gcc-linaro-5.5.0-2017.10-x86_64_arm-linux-gnueabi/bin/../arm-linux-gnueabi/libc/usr/lib/crtn.o
gmake[1]: 离开目录“/home/jhzhou/working/nbiot_sdk/CMakeFiles/CMakeTmp”


Parsed CXX implicit link information from above output:
  link line regex: [^( *|.*[/\])(arm-linux-gnueabi-ld|([^/\]+-)?ld|collect2)[^/\]*( |$)]
  ignore line: [Change Dir: /home/jhzhou/working/nbiot_sdk/CMakeFiles/CMakeTmp]
  ignore line: []
  ignore line: [Run Build Command:/usr/bin/gmake "cmTryCompileExec1983079452/fast"]
  ignore line: [/usr/bin/gmake -f CMakeFiles/cmTryCompileExec1983079452.dir/build.make CMakeFiles/cmTryCompileExec1983079452.dir/build]
  ignore line: [gmake[1]: 进入目录“/home/jhzhou/working/nbiot_sdk/CMakeFiles/CMakeTmp”]
  ignore line: [/usr/bin/cmake -E cmake_progress_report /home/jhzhou/working/nbiot_sdk/CMakeFiles/CMakeTmp/CMakeFiles 1]
  ignore line: [Building CXX object CMakeFiles/cmTryCompileExec1983079452.dir/CMakeCXXCompilerABI.cpp.o]
  ignore line: [/home/jhzhou/download/linaro55/gcc-linaro-5.5.0-2017.10-x86_64_arm-linux-gnueabi/bin/arm-linux-gnueabi-g++     -o CMakeFiles/cmTryCompileExec1983079452.dir/CMakeCXXCompilerABI.cpp.o -c /usr/share/cmake/Modules/CMakeCXXCompilerABI.cpp]
  ignore line: [Linking CXX executable cmTryCompileExec1983079452]
  ignore line: [/usr/bin/cmake -E cmake_link_script CMakeFiles/cmTryCompileExec1983079452.dir/link.txt --verbose=1]
  ignore line: [/home/jhzhou/download/linaro55/gcc-linaro-5.5.0-2017.10-x86_64_arm-linux-gnueabi/bin/arm-linux-gnueabi-g++      -v CMakeFiles/cmTryCompileExec1983079452.dir/CMakeCXXCompilerABI.cpp.o  -o cmTryCompileExec1983079452 -rdynamic  ]
  ignore line: [Using built-in specs.]
  ignore line: [COLLECT_GCC=/home/jhzhou/download/linaro55/gcc-linaro-5.5.0-2017.10-x86_64_arm-linux-gnueabi/bin/arm-linux-gnueabi-g++]
  ignore line: [COLLECT_LTO_WRAPPER=/home/jhzhou/download/linaro55/gcc-linaro-5.5.0-2017.10-x86_64_arm-linux-gnueabi/bin/../libexec/gcc/arm-linux-gnueabi/5.5.0/lto-wrapper]
  ignore line: [Target: arm-linux-gnueabi]
  ignore line: [Configured with: '/home/tcwg-buildslave/workspace/tcwg-make-release/builder_arch/amd64/label/tcwg-x86_64-build/target/arm-linux-gnueabi/snapshots/gcc.git~linaro-5.5-2017.10/configure' SHELL=/bin/bash --with-mpc=/home/tcwg-buildslave/workspace/tcwg-make-release/builder_arch/amd64/label/tcwg-x86_64-build/target/arm-linux-gnueabi/_build/builds/destdir/x86_64-unknown-linux-gnu --with-mpfr=/home/tcwg-buildslave/workspace/tcwg-make-release/builder_arch/amd64/label/tcwg-x86_64-build/target/arm-linux-gnueabi/_build/builds/destdir/x86_64-unknown-linux-gnu --with-gmp=/home/tcwg-buildslave/workspace/tcwg-make-release/builder_arch/amd64/label/tcwg-x86_64-build/target/arm-linux-gnueabi/_build/builds/destdir/x86_64-unknown-linux-gnu --with-gnu-as --with-gnu-ld --disable-libmudflap --enable-lto --enable-shared --without-included-gettext --enable-nls --disable-sjlj-exceptions --enable-gnu-unique-object --enable-linker-build-id --disable-libstdcxx-pch --enable-c99 --enable-clocale=gnu --enable-libstdcxx-debug --enable-long-long --with-cloog=no --with-ppl=no --with-isl=no --disable-multilib --with-float=soft --with-mode=thumb --with-tune=cortex-a9 --with-arch=armv7-a --enable-threads=posix --enable-multiarch --enable-libstdcxx-time=yes --with-build-sysroot=/home/tcwg-buildslave/workspace/tcwg-make-release/builder_arch/amd64/label/tcwg-x86_64-build/target/arm-linux-gnueabi/_build/sysroots/arm-linux-gnueabi --with-sysroot=/home/tcwg-buildslave/workspace/tcwg-make-release/builder_arch/amd64/label/tcwg-x86_64-build/target/arm-linux-gnueabi/_build/builds/destdir/x86_64-unknown-linux-gnu/arm-linux-gnueabi/libc --enable-checking=release --disable-bootstrap --enable-languages=c,c++,fortran,lto --build=x86_64-unknown-linux-gnu --host=x86_64-unknown-linux-gnu --target=arm-linux-gnueabi --prefix=/home/tcwg-buildslave/workspace/tcwg-make-release/builder_arch/amd64/label/tcwg-x86_64-build/target/arm-linux-gnueabi/_build/builds/destdir/x86_64-unknown-linux-gnu]
  ignore line: [Thread model: posix]
  ignore line: [gcc version 5.5.0 (Linaro GCC 5.5-2017.10) ]
  ignore line: [COMPILER_PATH=/home/jhzhou/download/linaro55/gcc-linaro-5.5.0-2017.10-x86_64_arm-linux-gnueabi/bin/../libexec/gcc/arm-linux-gnueabi/5.5.0/:/home/jhzhou/download/linaro55/gcc-linaro-5.5.0-2017.10-x86_64_arm-linux-gnueabi/bin/../libexec/gcc/arm-linux-gnueabi/:/home/jhzhou/download/linaro55/gcc-linaro-5.5.0-2017.10-x86_64_arm-linux-gnueabi/bin/../libexec/gcc/:/home/jhzhou/download/linaro55/gcc-linaro-5.5.0-2017.10-x86_64_arm-linux-gnueabi/bin/../lib/gcc/arm-linux-gnueabi/5.5.0/../../../../arm-linux-gnueabi/bin/]
  ignore line: [LIBRARY_PATH=/home/jhzhou/download/linaro55/gcc-linaro-5.5.0-2017.10-x86_64_arm-linux-gnueabi/bin/../lib/gcc/arm-linux-gnueabi/5.5.0/:/home/jhzhou/download/linaro55/gcc-linaro-5.5.0-2017.10-x86_64_arm-linux-gnueabi/bin/../lib/gcc/arm-linux-gnueabi/:/home/jhzhou/download/linaro55/gcc-linaro-5.5.0-2017.10-x86_64_arm-linux-gnueabi/bin/../lib/gcc/:/home/jhzhou/download/linaro55/gcc-linaro-5.5.0-2017.10-x86_64_arm-linux-gnueabi/bin/../lib/gcc/arm-linux-gnueabi/5.5.0/../../../../arm-linux-gnueabi/lib/:/home/jhzhou/download/linaro55/gcc-linaro-5.5.0-2017.10-x86_64_arm-linux-gnueabi/bin/../arm-linux-gnueabi/libc/lib/:/home/jhzhou/download/linaro55/gcc-linaro-5.5.0-2017.10-x86_64_arm-linux-gnueabi/bin/../arm-linux-gnueabi/libc/usr/lib/]
  ignore line: [COLLECT_GCC_OPTIONS='-v' '-o' 'cmTryCompileExec1983079452' '-rdynamic' '-shared-libgcc' '-march=armv7-a' '-mtune=cortex-a9' '-mfloat-abi=soft' '-mthumb' '-mtls-dialect=gnu']
  link line: [ /home/jhzhou/download/linaro55/gcc-linaro-5.5.0-2017.10-x86_64_arm-linux-gnueabi/bin/../libexec/gcc/arm-linux-gnueabi/5.5.0/collect2 -plugin /home/jhzhou/download/linaro55/gcc-linaro-5.5.0-2017.10-x86_64_arm-linux-gnueabi/bin/../libexec/gcc/arm-linux-gnueabi/5.5.0/liblto_plugin.so -plugin-opt=/home/jhzhou/download/linaro55/gcc-linaro-5.5.0-2017.10-x86_64_arm-linux-gnueabi/bin/../libexec/gcc/arm-linux-gnueabi/5.5.0/lto-wrapper -plugin-opt=-fresolution=/tmp/cc9orlO1.res -plugin-opt=-pass-through=-lgcc_s -plugin-opt=-pass-through=-lgcc -plugin-opt=-pass-through=-lc -plugin-opt=-pass-through=-lgcc_s -plugin-opt=-pass-through=-lgcc --sysroot=/home/jhzhou/download/linaro55/gcc-linaro-5.5.0-2017.10-x86_64_arm-linux-gnueabi/bin/../arm-linux-gnueabi/libc --build-id --eh-frame-hdr -export-dynamic -dynamic-linker /lib/ld-linux.so.3 -X -m armelf_linux_eabi -o cmTryCompileExec1983079452 /home/jhzhou/download/linaro55/gcc-linaro-5.5.0-2017.10-x86_64_arm-linux-gnueabi/bin/../arm-linux-gnueabi/libc/usr/lib/crt1.o /home/jhzhou/download/linaro55/gcc-linaro-5.5.0-2017.10-x86_64_arm-linux-gnueabi/bin/../arm-linux-gnueabi/libc/usr/lib/crti.o /home/jhzhou/download/linaro55/gcc-linaro-5.5.0-2017.10-x86_64_arm-linux-gnueabi/bin/../lib/gcc/arm-linux-gnueabi/5.5.0/crtbegin.o -L/home/jhzhou/download/linaro55/gcc-linaro-5.5.0-2017.10-x86_64_arm-linux-gnueabi/bin/../lib/gcc/arm-linux-gnueabi/5.5.0 -L/home/jhzhou/download/linaro55/gcc-linaro-5.5.0-2017.10-x86_64_arm-linux-gnueabi/bin/../lib/gcc/arm-linux-gnueabi -L/home/jhzhou/download/linaro55/gcc-linaro-5.5.0-2017.10-x86_64_arm-linux-gnueabi/bin/../lib/gcc -L/home/jhzhou/download/linaro55/gcc-linaro-5.5.0-2017.10-x86_64_arm-linux-gnueabi/bin/../lib/gcc/arm-linux-gnueabi/5.5.0/../../../../arm-linux-gnueabi/lib -L/home/jhzhou/download/linaro55/gcc-linaro-5.5.0-2017.10-x86_64_arm-linux-gnueabi/bin/../arm-linux-gnueabi/libc/lib -L/home/jhzhou/download/linaro55/gcc-linaro-5.5.0-2017.10-x86_64_arm-linux-gnueabi/bin/../arm-linux-gnueabi/libc/usr/lib CMakeFiles/cmTryCompileExec1983079452.dir/CMakeCXXCompilerABI.cpp.o -lstdc++ -lm -lgcc_s -lgcc -lc -lgcc_s -lgcc /home/jhzhou/download/linaro55/gcc-linaro-5.5.0-2017.10-x86_64_arm-linux-gnueabi/bin/../lib/gcc/arm-linux-gnueabi/5.5.0/crtend.o /home/jhzhou/download/linaro55/gcc-linaro-5.5.0-2017.10-x86_64_arm-linux-gnueabi/bin/../arm-linux-gnueabi/libc/usr/lib/crtn.o]
    arg [/home/jhzhou/download/linaro55/gcc-linaro-5.5.0-2017.10-x86_64_arm-linux-gnueabi/bin/../libexec/gcc/arm-linux-gnueabi/5.5.0/collect2] ==> ignore
    arg [-plugin] ==> ignore
    arg [/home/jhzhou/download/linaro55/gcc-linaro-5.5.0-2017.10-x86_64_arm-linux-gnueabi/bin/../libexec/gcc/arm-linux-gnueabi/5.5.0/liblto_plugin.so] ==> ignore
    arg [-plugin-opt=/home/jhzhou/download/linaro55/gcc-linaro-5.5.0-2017.10-x86_64_arm-linux-gnueabi/bin/../libexec/gcc/arm-linux-gnueabi/5.5.0/lto-wrapper] ==> ignore
    arg [-plugin-opt=-fresolution=/tmp/cc9orlO1.res] ==> ignore
    arg [-plugin-opt=-pass-through=-lgcc_s] ==> ignore
    arg [-plugin-opt=-pass-through=-lgcc] ==> ignore
    arg [-plugin-opt=-pass-through=-lc] ==> ignore
    arg [-plugin-opt=-pass-through=-lgcc_s] ==> ignore
    arg [-plugin-opt=-pass-through=-lgcc] ==> ignore
    arg [--sysroot=/home/jhzhou/download/linaro55/gcc-linaro-5.5.0-2017.10-x86_64_arm-linux-gnueabi/bin/../arm-linux-gnueabi/libc] ==> ignore
    arg [--build-id] ==> ignore
    arg [--eh-frame-hdr] ==> ignore
    arg [-export-dynamic] ==> ignore
    arg [-dynamic-linker] ==> ignore
    arg [/lib/ld-linux.so.3] ==> ignore
    arg [-X] ==> ignore
    arg [-m] ==> ignore
    arg [armelf_linux_eabi] ==> ignore
    arg [-o] ==> ignore
    arg [cmTryCompileExec1983079452] ==> ignore
    arg [/home/jhzhou/download/linaro55/gcc-linaro-5.5.0-2017.10-x86_64_arm-linux-gnueabi/bin/../arm-linux-gnueabi/libc/usr/lib/crt1.o] ==> ignore
    arg [/home/jhzhou/download/linaro55/gcc-linaro-5.5.0-2017.10-x86_64_arm-linux-gnueabi/bin/../arm-linux-gnueabi/libc/usr/lib/crti.o] ==> ignore
    arg [/home/jhzhou/download/linaro55/gcc-linaro-5.5.0-2017.10-x86_64_arm-linux-gnueabi/bin/../lib/gcc/arm-linux-gnueabi/5.5.0/crtbegin.o] ==> ignore
    arg [-L/home/jhzhou/download/linaro55/gcc-linaro-5.5.0-2017.10-x86_64_arm-linux-gnueabi/bin/../lib/gcc/arm-linux-gnueabi/5.5.0] ==> dir [/home/jhzhou/download/linaro55/gcc-linaro-5.5.0-2017.10-x86_64_arm-linux-gnueabi/bin/../lib/gcc/arm-linux-gnueabi/5.5.0]
    arg [-L/home/jhzhou/download/linaro55/gcc-linaro-5.5.0-2017.10-x86_64_arm-linux-gnueabi/bin/../lib/gcc/arm-linux-gnueabi] ==> dir [/home/jhzhou/download/linaro55/gcc-linaro-5.5.0-2017.10-x86_64_arm-linux-gnueabi/bin/../lib/gcc/arm-linux-gnueabi]
    arg [-L/home/jhzhou/download/linaro55/gcc-linaro-5.5.0-2017.10-x86_64_arm-linux-gnueabi/bin/../lib/gcc] ==> dir [/home/jhzhou/download/linaro55/gcc-linaro-5.5.0-2017.10-x86_64_arm-linux-gnueabi/bin/../lib/gcc]
    arg [-L/home/jhzhou/download/linaro55/gcc-linaro-5.5.0-2017.10-x86_64_arm-linux-gnueabi/bin/../lib/gcc/arm-linux-gnueabi/5.5.0/../../../../arm-linux-gnueabi/lib] ==> dir [/home/jhzhou/download/linaro55/gcc-linaro-5.5.0-2017.10-x86_64_arm-linux-gnueabi/bin/../lib/gcc/arm-linux-gnueabi/5.5.0/../../../../arm-linux-gnueabi/lib]
    arg [-L/home/jhzhou/download/linaro55/gcc-linaro-5.5.0-2017.10-x86_64_arm-linux-gnueabi/bin/../arm-linux-gnueabi/libc/lib] ==> dir [/home/jhzhou/download/linaro55/gcc-linaro-5.5.0-2017.10-x86_64_arm-linux-gnueabi/bin/../arm-linux-gnueabi/libc/lib]
    arg [-L/home/jhzhou/download/linaro55/gcc-linaro-5.5.0-2017.10-x86_64_arm-linux-gnueabi/bin/../arm-linux-gnueabi/libc/usr/lib] ==> dir [/home/jhzhou/download/linaro55/gcc-linaro-5.5.0-2017.10-x86_64_arm-linux-gnueabi/bin/../arm-linux-gnueabi/libc/usr/lib]
    arg [CMakeFiles/cmTryCompileExec1983079452.dir/CMakeCXXCompilerABI.cpp.o] ==> ignore
    arg [-lstdc++] ==> lib [stdc++]
    arg [-lm] ==> lib [m]
    arg [-lgcc_s] ==> lib [gcc_s]
    arg [-lgcc] ==> lib [gcc]
    arg [-lc] ==> lib [c]
    arg [-lgcc_s] ==> lib [gcc_s]
    arg [-lgcc] ==> lib [gcc]
    arg [/home/jhzhou/download/linaro55/gcc-linaro-5.5.0-2017.10-x86_64_arm-linux-gnueabi/bin/../lib/gcc/arm-linux-gnueabi/5.5.0/crtend.o] ==> ignore
    arg [/home/jhzhou/download/linaro55/gcc-linaro-5.5.0-2017.10-x86_64_arm-linux-gnueabi/bin/../arm-linux-gnueabi/libc/usr/lib/crtn.o] ==> ignore
  remove lib [gcc_s]
  remove lib [gcc]
  remove lib [gcc_s]
  remove lib [gcc]
  collapse library dir [/home/jhzhou/download/linaro55/gcc-linaro-5.5.0-2017.10-x86_64_arm-linux-gnueabi/bin/../lib/gcc/arm-linux-gnueabi/5.5.0] ==> [/home/jhzhou/download/linaro55/gcc-linaro-5.5.0-2017.10-x86_64_arm-linux-gnueabi/lib/gcc/arm-linux-gnueabi/5.5.0]
  collapse library dir [/home/jhzhou/download/linaro55/gcc-linaro-5.5.0-2017.10-x86_64_arm-linux-gnueabi/bin/../lib/gcc/arm-linux-gnueabi] ==> [/home/jhzhou/download/linaro55/gcc-linaro-5.5.0-2017.10-x86_64_arm-linux-gnueabi/lib/gcc/arm-linux-gnueabi]
  collapse library dir [/home/jhzhou/download/linaro55/gcc-linaro-5.5.0-2017.10-x86_64_arm-linux-gnueabi/bin/../lib/gcc] ==> [/home/jhzhou/download/linaro55/gcc-linaro-5.5.0-2017.10-x86_64_arm-linux-gnueabi/lib/gcc]
  collapse library dir [/home/jhzhou/download/linaro55/gcc-linaro-5.5.0-2017.10-x86_64_arm-linux-gnueabi/bin/../lib/gcc/arm-linux-gnueabi/5.5.0/../../../../arm-linux-gnueabi/lib] ==> [/home/jhzhou/download/linaro55/gcc-linaro-5.5.0-2017.10-x86_64_arm-linux-gnueabi/arm-linux-gnueabi/lib]
  collapse library dir [/home/jhzhou/download/linaro55/gcc-linaro-5.5.0-2017.10-x86_64_arm-linux-gnueabi/bin/../arm-linux-gnueabi/libc/lib] ==> [/home/jhzhou/download/linaro55/gcc-linaro-5.5.0-2017.10-x86_64_arm-linux-gnueabi/arm-linux-gnueabi/libc/lib]
  collapse library dir [/home/jhzhou/download/linaro55/gcc-linaro-5.5.0-2017.10-x86_64_arm-linux-gnueabi/bin/../arm-linux-gnueabi/libc/usr/lib] ==> [/home/jhzhou/download/linaro55/gcc-linaro-5.5.0-2017.10-x86_64_arm-linux-gnueabi/arm-linux-gnueabi/libc/usr/lib]
  implicit libs: [stdc++;m;c]
  implicit dirs: [/home/jhzhou/download/linaro55/gcc-linaro-5.5.0-2017.10-x86_64_arm-linux-gnueabi/lib/gcc/arm-linux-gnueabi/5.5.0;/home/jhzhou/download/linaro55/gcc-linaro-5.5.0-2017.10-x86_64_arm-linux-gnueabi/lib/gcc/arm-linux-gnueabi;/home/jhzhou/download/linaro55/gcc-linaro-5.5.0-2017.10-x86_64_arm-linux-gnueabi/lib/gcc;/home/jhzhou/download/linaro55/gcc-linaro-5.5.0-2017.10-x86_64_arm-linux-gnueabi/arm-linux-gnueabi/lib;/home/jhzhou/download/linaro55/gcc-linaro-5.5.0-2017.10-x86_64_arm-linux-gnueabi/arm-linux-gnueabi/libc/lib;/home/jhzhou/download/linaro55/gcc-linaro-5.5.0-2017.10-x86_64_arm-linux-gnueabi/arm-linux-gnueabi/libc/usr/lib]
  implicit fwks: []


